\BOOKMARK [0][-]{section*.1}{\376\377\000=\166\356\000\040\137\125}{}% 1
\BOOKMARK [0][-]{chapter.1}{\376\377\0002\0005\000.\0008\000.\0002\0006}{}% 2
\BOOKMARK [1][-]{section.1.1}{\376\377\0002\0000\0002\0005\136\164\0008\147\010\0002\0006\145\345\060\012\215\042\176\317\145\351\231\020\060\013\121\150\146\157\220\037\213\373}{chapter.1}% 3
\BOOKMARK [2][-]{subsection.1.1.1}{\376\377\133\217\211\302\116\016\145\077\173\126}{section.1.1}% 4
\BOOKMARK [2][-]{subsection.1.1.2}{\376\377\136\002\127\072\160\355\136\246}{section.1.1}% 5
\BOOKMARK [2][-]{subsection.1.1.3}{\376\377\116\247\116\032\161\046\160\271}{section.1.1}% 6
\BOOKMARK [2][-]{subsection.1.1.4}{\376\377\121\154\123\370\121\154\124\112\174\276\220\011}{section.1.1}% 7
\BOOKMARK [2][-]{subsection.1.1.5}{\376\377\215\042\133\314\116\016\155\210\215\071}{section.1.1}% 8
\BOOKMARK [2][-]{subsection.1.1.6}{\376\377\163\257\164\003\220\037\211\310}{section.1.1}% 9
\BOOKMARK [1][-]{section.1.2}{\376\377\155\361\136\246\220\017\211\306\377\032\0002\0000\0002\0005\000\040\136\164\000\040\0008\000\040\147\010\000\040\0002\0006\000\040\145\345\060\012\215\042\176\317\145\351\231\020\060\013\166\204\133\217\211\302\117\341\123\367\224\376}{chapter.1}% 10
\BOOKMARK [2][-]{subsection.1.2.1}{\376\377\127\060\116\247\377\032\116\316\040\034\226\120\215\055\145\076\147\176\040\035\122\060\040\034\122\051\163\207\136\166\217\150\040\035\040\024\040\024\145\077\173\126\136\225\166\204\173\054\116\011\154\342\121\262\121\373}{section.1.2}% 11
\BOOKMARK [2][-]{subsection.1.2.2}{\376\377\215\104\221\321\227\142\377\032\0003\000.\0001\0004\000\040\116\007\116\277\142\020\116\244\200\314\124\016\166\204\040\034\116\011\200\241\130\236\221\317\040\035}{section.1.2}% 12
\BOOKMARK [2][-]{subsection.1.2.3}{\376\377\116\247\116\032\145\077\173\126\377\032\170\263\136\002\127\072\116\016\136\166\215\055\155\152\157\156\166\204\040\034\123\314\121\373\040\035}{section.1.2}% 13
\BOOKMARK [2][-]{subsection.1.2.4}{\376\377\116\247\116\032\146\040\134\004\377\032\116\011\147\141\232\330\146\157\154\024\224\376\166\204\166\310\122\051\232\214\213\301}{section.1.2}% 14
\BOOKMARK [2][-]{subsection.1.2.5}{\376\377\230\316\226\151\133\232\116\367\377\032\121\150\164\003\210\160\220\000\116\244\146\023\116\016\131\047\133\227\200\314\171\273}{section.1.2}% 15
\BOOKMARK [2][-]{subsection.1.2.6}{\376\377\176\323\213\272\377\032\203\003\137\017\122\007\143\142\166\204\116\064\165\114\160\271}{section.1.2}% 16
\BOOKMARK [1][-]{section.1.3}{\376\377\000b\000l\000u\000e\000L\000a\000t\000e\000x\117\177\165\050\145\271\154\325\040\024\040\024\124\014\145\366\122\240\174\227\116\016\123\330\202\162\166\204\150\007\230\230}{chapter.1}% 17
\BOOKMARK [1][-]{section.1.4}{\376\377\145\207\172\340\200\132\161\046\166\204\133\217\211\302\176\317\155\116\117\341\123\367\377\032\116\000\153\041\040\034\145\077\173\126\136\225\040\024\155\101\122\250\140\047\136\225\040\024\166\310\122\051\136\225\040\035\166\204\116\011\221\315\170\156\213\244}{chapter.1}% 18
\BOOKMARK [1][-]{section.1.5}{\376\377\127\060\116\247\145\077\173\126\136\225\166\204\040\034\116\012\155\167\152\041\147\177\040\035\040\024\040\024\145\207\172\340\142\100\143\007\121\167\117\123\121\205\133\271}{chapter.1}% 19
\BOOKMARK [1][-]{section.1.6}{\376\377\215\055\142\077\200\005\200\375\137\227\122\060\166\204\126\333\131\047\040\034\167\037\221\321\166\175\224\366\040\035\131\175\131\004}{chapter.1}% 20
\BOOKMARK [1][-]{section.1.7}{\376\377\0002\0000\0002\0005\136\164\0008\147\010\0002\0006\145\345\060\012\215\042\176\317\145\351\231\020\000\267\137\353\220\022\143\320\116\367\060\013\121\150\146\157\220\037\213\373}{chapter.1}% 21
\BOOKMARK [2][-]{subsection.1.7.1}{\376\377\145\077\173\126\172\357\377\032\123\315\121\205\123\167\040\034\173\054\116\000\147\252\040\035}{section.1.7}% 22
\BOOKMARK [2][-]{subsection.1.7.2}{\376\377\116\367\150\074\142\030\040\034\116\044\217\156\123\112\040\035\131\015\166\330}{section.1.7}% 23
\BOOKMARK [2][-]{subsection.1.7.3}{\376\377\116\247\116\032\224\376\137\161\124\315}{section.1.7}% 24
\BOOKMARK [2][-]{subsection.1.7.4}{\376\377\227\000\154\102\117\247\377\032\143\320\116\367\200\375\124\046\143\142\147\145\040\034\221\317\116\367\237\120\123\107\040\035\377\037}{section.1.7}% 25
\BOOKMARK [2][-]{subsection.1.7.5}{\376\377\230\316\226\151\143\320\171\072}{section.1.7}% 26
\BOOKMARK [1][-]{section.1.8}{\376\377\155\361\136\246\155\036\133\337\377\032\205\317\127\050\040\034\137\353\220\022\143\320\116\367\040\035\200\314\124\016\166\204\210\114\116\032\133\306\170\001}{chapter.1}% 27
\BOOKMARK [2][-]{subsection.1.8.1}{\376\377\116\000\060\001\210\114\145\077\116\016\136\002\127\072\217\271\165\114\166\204\137\256\131\231\121\215\136\163\210\141}{section.1.8}% 28
\BOOKMARK [2][-]{subsection.1.8.2}{\376\377\116\214\060\001\137\353\220\022\116\016\165\065\125\106\166\204\040\034\126\332\137\222\126\360\130\203\040\035\153\143\137\017\146\076\140\047\123\026}{section.1.8}% 29
\BOOKMARK [2][-]{subsection.1.8.3}{\376\377\116\011\060\001\116\367\150\074\142\030\176\310\134\100\377\032\116\316\040\034\142\020\147\054\172\336\116\211\040\035\122\060\040\034\147\015\122\241\122\006\134\102\040\035}{section.1.8}% 30
\BOOKMARK [2][-]{subsection.1.8.4}{\376\377\126\333\060\001\215\104\147\054\211\306\211\322\377\032\117\060\120\074\152\041\127\213\227\142\116\064\203\003\137\017\122\007\143\142}{section.1.8}% 31
\BOOKMARK [2][-]{subsection.1.8.5}{\376\377\116\224\060\001\133\217\211\302\146\040\134\004\377\032\155\250\116\367\224\376\166\204\040\034\131\032\174\163\213\372\232\250\162\114\040\035}{section.1.8}% 32
\BOOKMARK [2][-]{subsection.1.8.6}{\376\377\176\323\213\355\377\032\116\000\153\041\040\034\123\315\121\205\123\167\040\035\133\236\232\214\377\014\116\011\137\040\136\225\162\114\137\205\143\355}{section.1.8}% 33
\BOOKMARK [1][-]{section.1.9}{\376\377\137\353\220\022\143\320\116\367\133\371\165\065\125\106\166\204\121\155\131\047\121\167\117\123\137\161\124\315}{chapter.1}% 34
\BOOKMARK [2][-]{subsection.1.9.1}{\376\377\0001\000.\000\040\142\020\147\054\172\357\377\032\166\364\143\245\142\254\123\107\125\106\133\266\134\145\176\246\215\071\165\050}{section.1.9}% 35
\BOOKMARK [2][-]{subsection.1.9.2}{\376\377\0002\000.\000\040\116\367\150\074\172\357\377\032\176\310\172\357\125\056\116\367\142\026\040\034\226\220\140\047\217\154\132\301\040\035}{section.1.9}% 36
\BOOKMARK [2][-]{subsection.1.9.3}{\376\377\0003\000.\000\040\172\336\116\211\172\357\377\032\134\017\125\106\133\266\122\240\220\037\121\372\156\005\377\014\136\163\123\360\232\154\131\052\145\110\136\224\137\072\123\026}{section.1.9}% 37
\BOOKMARK [2][-]{subsection.1.9.4}{\376\377\0004\000.\000\040\162\151\155\101\172\357\377\032\220\006\124\021\162\151\155\101\116\016\123\321\215\047\145\366\145\110\221\315\145\260\123\132\137\010}{section.1.9}% 38
\BOOKMARK [2][-]{subsection.1.9.5}{\376\377\0005\000.\000\040\163\260\221\321\155\101\172\357\377\032\215\046\147\037\116\016\136\223\133\130\124\150\217\154\123\213\122\233\116\012\123\107}{section.1.9}% 39
\BOOKMARK [2][-]{subsection.1.9.6}{\376\377\0006\000.\000\040\142\030\165\145\172\357\377\032\136\163\123\360\116\016\125\106\133\266\166\204\116\224\230\171\201\352\145\121\122\250\117\134}{section.1.9}% 40
\BOOKMARK [2][-]{subsection.1.9.7}{\376\377\221\317\123\026\137\161\124\315\220\037\211\310}{section.1.9}% 41
\BOOKMARK [1][-]{section.1.10}{\376\377\131\202\117\125\164\006\211\343\040\034\165\065\125\106\116\013\154\211\136\002\127\072\176\242\122\051\211\301\230\166\040\035\133\371\137\353\220\022\210\114\116\032\166\204\155\361\134\102\137\161\124\315\377\037}{chapter.1}% 42
\BOOKMARK [2][-]{subsection.1.10.1}{\376\377\116\000\060\001\116\316\040\034\130\236\221\317\145\105\116\213\040\035\122\060\040\034\133\130\221\317\153\213\147\100\040\035}{section.1.10}% 43
\BOOKMARK [2][-]{subsection.1.10.2}{\376\377\116\214\060\001\040\034\117\116\116\367\213\305\124\222\040\035\217\333\116\000\153\145\122\240\155\361}{section.1.10}% 44
\BOOKMARK [2][-]{subsection.1.10.3}{\376\377\116\011\060\001\177\121\176\334\176\317\155\116\145\110\136\224\210\253\040\034\172\000\221\312\040\035}{section.1.10}% 45
\BOOKMARK [2][-]{subsection.1.10.4}{\376\377\126\333\060\001\147\015\122\241\122\006\134\102\116\016\177\121\176\334\221\315\147\204\166\204\116\011\147\141\121\372\215\357}{section.1.10}% 46
\BOOKMARK [2][-]{subsection.1.10.5}{\376\377\116\224\060\001\133\371\172\336\116\211\150\074\134\100\166\204\176\310\147\201\137\161\124\315}{section.1.10}% 47
\BOOKMARK [2][-]{subsection.1.10.6}{\376\377\176\323\213\272\377\032\116\316\040\034\155\101\221\317\176\242\122\051\040\035\122\060\040\034\165\037\140\001\176\242\122\051\040\035}{section.1.10}% 48
\BOOKMARK [1][-]{section.1.11}{\376\377\0002\0000\0002\0005\136\164\0008\147\010\0002\0006\145\345\060\012\215\042\176\317\145\351\231\020\000\267\155\210\215\071\215\067\215\064\140\157\060\013\121\150\146\157\220\037\213\373}{chapter.1}% 49
\BOOKMARK [2][-]{subsection.1.11.1}{\376\377\145\077\173\126\150\106\147\266}{section.1.11}% 50
\BOOKMARK [2][-]{subsection.1.11.2}{\376\377\204\075\127\060\226\276\160\271}{section.1.11}% 51
\BOOKMARK [2][-]{subsection.1.11.3}{\376\377\147\072\147\204\173\126\165\145\377\032\127\072\146\157\116\072\163\213\377\014\131\064\220\350\226\306\116\055}{section.1.11}% 52
\BOOKMARK [2][-]{subsection.1.11.4}{\376\377\136\002\127\072\137\161\124\315}{section.1.11}% 53
\BOOKMARK [1][-]{section.1.12}{\376\377\155\210\215\071\215\067\215\064\140\157\145\077\173\126\220\037\213\373}{chapter.1}% 54
\BOOKMARK [2][-]{subsection.1.12.1}{\376\377\150\070\137\303\151\202\137\365}{section.1.12}% 55
\BOOKMARK [2][-]{subsection.1.12.2}{\376\377\215\064\140\157\147\072\122\066\142\306\211\343}{section.1.12}% 56
\BOOKMARK [1][-]{section.1.13}{\376\377\215\064\140\157\145\077\173\126\133\371\136\164\217\173\116\272\215\055\142\077\166\204\116\224\131\047\167\037\133\236\137\161\124\315\377\010\0002\0000\0002\0005\136\164\0008\147\010\162\110\377\011}{chapter.1}% 57
\BOOKMARK [2][-]{subsection.1.13.1}{\376\377\0001\000\040\166\364\143\245\171\201\123\072\377\032\215\064\140\157\215\104\221\321\116\045\171\201\155\101\121\145\151\174\136\002}{section.1.13}% 58
\BOOKMARK [2][-]{subsection.1.13.2}{\376\377\0002\000\040\225\364\143\245\220\032\220\123\377\032\210\305\117\356\116\016\133\266\165\065\224\376\166\204\147\140\147\106\145\110\136\224}{section.1.13}% 59
\BOOKMARK [2][-]{subsection.1.13.3}{\376\377\0003\000\040\137\303\164\006\230\204\147\037\377\032\116\316\040\034\211\302\147\033\040\035\122\060\040\034\137\256\210\114\122\250\040\035}{section.1.13}% 60
\BOOKMARK [2][-]{subsection.1.13.4}{\376\377\0004\000\040\163\260\221\321\155\101\377\032\135\362\215\055\142\077\136\164\217\173\133\266\136\255\166\204\040\034\121\317\123\213\226\000\040\035}{section.1.13}% 61
\BOOKMARK [2][-]{subsection.1.13.5}{\376\377\0005\000\040\225\177\147\037\176\323\147\204\377\032\145\340\154\325\145\071\123\330\040\034\232\330\142\077\116\367\040\024\117\116\145\066\121\145\040\035\150\070\137\303\167\333\166\376}{section.1.13}% 62
\BOOKMARK [2][-]{subsection.1.13.6}{\376\377\176\323\213\272\377\032\215\064\140\157\042\140\151\174\136\002\122\072\157\300\122\102}{section.1.13}% 63
\BOOKMARK [1][-]{section.1.14}{\376\377\215\064\140\157\145\077\173\126\040\034\147\000\117\030\140\340\040\035\155\210\215\071\127\072\146\157\156\005\123\125\377\010\0002\0000\0002\0005\136\164\0009\147\010\162\110\377\011}{chapter.1}% 64
\BOOKMARK [2][-]{subsection.1.14.1}{\376\377\133\230\145\271\127\010\133\232\166\204\116\003\131\047\040\034\232\330\117\030\140\340\040\035\127\072\146\157}{section.1.14}% 65
\BOOKMARK [2][-]{subsection.1.14.2}{\376\377\146\156\140\340\176\247\040\034\134\017\230\235\121\150\124\301\174\173\040\035\127\072\146\157}{section.1.14}% 66
\BOOKMARK [2][-]{subsection.1.14.3}{\376\377\215\064\140\157\122\233\136\246\133\371\153\324\220\037\211\310}{section.1.14}% 67
\BOOKMARK [2][-]{subsection.1.14.4}{\376\377\116\000\123\345\213\335\176\323\213\272}{section.1.14}% 68
\BOOKMARK [1][-]{section.1.15}{\376\377\0002\0000\0002\0005\136\164\0008\147\010\0002\0006\145\345\060\012\215\042\176\317\145\351\231\020\000\267\154\341\154\341\163\233\162\171\060\013\121\150\146\157\220\037\213\373}{chapter.1}% 69
\BOOKMARK [2][-]{subsection.1.15.1}{\376\377\145\260\124\301\160\355\136\246}{section.1.15}% 70
\BOOKMARK [2][-]{subsection.1.15.2}{\376\377\147\000\137\072\116\055\142\245}{section.1.15}% 71
\BOOKMARK [2][-]{subsection.1.15.3}{\376\377\210\114\116\032\133\371\153\324}{section.1.15}% 72
\BOOKMARK [2][-]{subsection.1.15.4}{\376\377\117\060\120\074\116\016\131\051\202\261\147\177\116\211\213\256}{section.1.15}% 73
\BOOKMARK [2][-]{subsection.1.15.5}{\376\377\230\316\226\151\143\320\171\072}{section.1.15}% 74
\BOOKMARK [1][-]{section.1.16}{\376\377\116\000\123\345\213\335\171\322\141\302\377\032\116\300\116\110\146\057\040\034\157\156\163\251\040\035\377\037}{chapter.1}% 75
\BOOKMARK [2][-]{subsection.1.16.1}{\376\377\133\230\145\271\133\232\116\111\142\306\211\343}{section.1.16}% 76
\BOOKMARK [2][-]{subsection.1.16.2}{\376\377\116\016\117\040\176\337\163\251\121\167\166\204\000\040\0003\000\040\116\052\123\072\122\053}{section.1.16}% 77
\BOOKMARK [1][-]{section.1.17}{\376\377\0002\0000\0002\0005\136\164\0008\147\010\0002\0006\145\345\060\012\215\042\176\317\145\351\231\020\000\267\123\153\146\037\116\222\200\124\177\121\162\114\161\147\060\013\121\150\146\157\220\037\213\373}{chapter.1}% 78
\BOOKMARK [2][-]{subsection.1.17.1}{\376\377\145\077\173\126\217\333\134\125}{section.1.17}% 79
\BOOKMARK [2][-]{subsection.1.17.2}{\376\377\176\304\177\121\122\240\220\037}{section.1.17}% 80
\BOOKMARK [2][-]{subsection.1.17.3}{\376\377\142\200\147\057\163\260\162\266\116\016\135\356\215\335}{section.1.17}% 81
\BOOKMARK [2][-]{subsection.1.17.4}{\376\377\136\224\165\050\116\016\165\333\160\271}{section.1.17}% 82
\BOOKMARK [2][-]{subsection.1.17.5}{\376\377\116\247\116\032\224\376\147\072\117\032}{section.1.17}% 83
\BOOKMARK [2][-]{subsection.1.17.6}{\376\377\145\366\225\364\210\150\116\016\125\106\116\032\123\026}{section.1.17}% 84
\BOOKMARK [1][-]{section.1.18}{\376\377\162\114\161\147\123\321\145\076\121\262\121\373\154\342\377\032\123\327\166\312\147\000\131\047\166\204\116\224\131\047\210\114\116\032}{chapter.1}% 85
\BOOKMARK [2][-]{subsection.1.18.1}{\376\377\0001\000\040\123\153\146\037\122\066\220\040\116\016\160\153\173\255\123\321\134\004\377\010\172\172\225\364\153\265\377\011}{section.1.18}% 86
\BOOKMARK [2][-]{subsection.1.18.2}{\376\377\0002\000\040\127\060\227\142\213\276\131\007\116\016\150\070\137\303\177\121\377\010\127\060\227\142\153\265\377\011}{section.1.18}% 87
\BOOKMARK [2][-]{subsection.1.18.3}{\376\377\0003\000\040\202\257\162\107\116\016\176\310\172\357\377\010\165\050\142\067\153\265\377\011}{section.1.18}% 88
\BOOKMARK [2][-]{subsection.1.18.4}{\376\377\0004\000\040\217\320\204\045\125\106\116\016\130\236\120\074\116\032\122\241}{section.1.18}% 89
\BOOKMARK [2][-]{subsection.1.18.5}{\376\377\0005\000\040\116\013\156\070\136\224\165\050\165\037\140\001}{section.1.18}% 90
\BOOKMARK [2][-]{subsection.1.18.6}{\376\377\116\000\123\345\213\335\220\037\211\310}{section.1.18}% 91
\BOOKMARK [1][-]{section.1.19}{\376\377\0002\0000\0002\0005\136\164\0008\147\010\0002\0006\145\345\060\012\215\042\176\317\145\351\231\020\000\267\211\306\230\221\144\255\133\242\060\013\121\150\146\157\220\037\213\373}{chapter.1}% 92
\BOOKMARK [2][-]{subsection.1.19.1}{\376\377\124\015\116\272\226\306\117\123\217\154\124\021}{section.1.19}% 93
\BOOKMARK [2][-]{subsection.1.19.2}{\376\377\136\163\123\360\117\247\040\034\121\233\131\007\172\336\215\133\040\035}{section.1.19}% 94
\BOOKMARK [2][-]{subsection.1.19.3}{\376\377\116\247\124\301\137\142\140\001\117\030\122\277}{section.1.19}% 95
\BOOKMARK [2][-]{subsection.1.19.4}{\376\377\145\160\143\156\142\020\176\351\123\125}{section.1.19}% 96
\BOOKMARK [2][-]{subsection.1.19.5}{\376\377\225\177\147\037\116\367\120\074\116\016\143\021\142\030}{section.1.19}% 97
\BOOKMARK [2][-]{subsection.1.19.6}{\376\377\142\225\215\104\176\277\175\042}{section.1.19}% 98
\BOOKMARK [1][-]{section.1.20}{\376\377\0002\0000\0002\0005\136\164\0008\147\010\0002\0006\145\345\060\012\215\042\176\317\145\351\231\020\000\267\117\037\131\047\166\204\123\132\137\010\060\013\121\150\146\157\220\037\213\373}{chapter.1}% 99
\BOOKMARK [2][-]{subsection.1.20.1}{\376\377\123\206\123\362\145\366\225\364\217\164}{section.1.20}% 100
\BOOKMARK [2][-]{subsection.1.20.2}{\376\377\123\161\147\072\116\055\166\204\116\272\140\047\150\361\225\134}{section.1.20}% 101
\BOOKMARK [2][-]{subsection.1.20.3}{\376\377\221\321\207\215\147\054\215\050\121\215\133\232\116\111}{section.1.20}% 102
\BOOKMARK [2][-]{subsection.1.20.4}{\376\377\163\260\116\343\124\057\171\072}{section.1.20}% 103
\BOOKMARK [1][-]{section.1.21}{\376\377\060\012\117\037\131\047\166\204\123\132\137\010\060\013\160\271\124\015\166\204\221\321\207\215\135\350\131\064\220\037\211\310}{chapter.1}% 104
\BOOKMARK [1][-]{section.1.22}{\376\377\123\116\134\024\210\127\116\135\131\047\221\314\172\013\170\221\116\213\116\366\377\032\163\260\116\343\221\321\207\215\136\002\127\072\166\204\040\034\156\220\116\343\170\001\040\035}{chapter.1}% 105
\BOOKMARK [2][-]{subsection.1.22.1}{\376\377\116\000\123\345\213\335\140\073\176\323}{section.1.22}% 106
